[debug] [2024-07-11T14:55:49.779Z] ----------------------------------------------------------------------
[debug] [2024-07-11T14:55:49.786Z] Command:       C:\Program Files\nodejs\node.exe C:\Users\Dell\AppData\Roaming\npm\node_modules\firebase-tools\lib\bin\firebase.js init
[debug] [2024-07-11T14:55:49.787Z] CLI Version:   13.13.1
[debug] [2024-07-11T14:55:49.787Z] Platform:      win32
[debug] [2024-07-11T14:55:49.787Z] Node Version:  v20.12.1
[debug] [2024-07-11T14:55:49.787Z] Time:          Thu Jul 11 2024 20:25:49 GMT+0530 (India Standard Time)
[debug] [2024-07-11T14:55:49.788Z] ----------------------------------------------------------------------
[debug] 
[debug] [2024-07-11T14:55:49.936Z] > command requires scopes: ["email","openid","https://www.googleapis.com/auth/cloudplatformprojects.readonly","https://www.googleapis.com/auth/firebase","https://www.googleapis.com/auth/cloud-platform"]
[debug] [2024-07-11T14:55:49.936Z] > authorizing via signed-in user (vijayvs6383@gmail.com)
[info] 
     ######## #### ########  ######## ########     ###     ######  ########
     ##        ##  ##     ## ##       ##     ##  ##   ##  ##       ##
     ######    ##  ########  ######   ########  #########  ######  ######
     ##        ##  ##    ##  ##       ##     ## ##     ##       ## ##
     ##       #### ##     ## ######## ########  ##     ##  ######  ########

You're about to initialize a Firebase project in this directory:

  C:\Users\Dell\Desktop\firebaseproject

Before we get started, keep in mind:

  * You are initializing within an existing Firebase project directory

[info] 
=== Project Setup
[info] 
[info] First, let's associate this project directory with a Firebase project.
[info] You can create multiple project aliases by running firebase use --add, 
[info] but for now we'll just set up a default project.
[info] 
[debug] [2024-07-11T14:56:06.517Z] Using project from CLI flag: react-course-c6128
[debug] [2024-07-11T14:56:06.521Z] >>> [apiv2][query] GET https://firebase.googleapis.com/v1beta1/projects/react-course-c6128 [none]
[debug] [2024-07-11T14:56:07.333Z] <<< [apiv2][status] GET https://firebase.googleapis.com/v1beta1/projects/react-course-c6128 401
[debug] [2024-07-11T14:56:07.335Z] <<< [apiv2][body] GET https://firebase.googleapis.com/v1beta1/projects/react-course-c6128 {"error":{"code":401,"message":"Request had invalid authentication credentials. Expected OAuth 2 access token, login cookie or other valid authentication credential. See https://developers.google.com/identity/sign-in/web/devconsole-project.","status":"UNAUTHENTICATED"}}
[debug] [2024-07-11T14:56:07.339Z] HTTP Error: 401, Request had invalid authentication credentials. Expected OAuth 2 access token, login cookie or other valid authentication credential. See https://developers.google.com/identity/sign-in/web/devconsole-project.
[debug] [2024-07-11T14:56:07.631Z] FirebaseError: HTTP Error: 401, Request had invalid authentication credentials. Expected OAuth 2 access token, login cookie or other valid authentication credential. See https://developers.google.com/identity/sign-in/web/devconsole-project.
    at responseToError (C:\Users\Dell\AppData\Roaming\npm\node_modules\firebase-tools\lib\responseToError.js:49:12)
    at RetryOperation._fn (C:\Users\Dell\AppData\Roaming\npm\node_modules\firebase-tools\lib\apiv2.js:305:77)
    at process.processTicksAndRejections (node:internal/process/task_queues:95:5)
[error] 
[error] Error: Failed to get Firebase project react-course-c6128. Please make sure the project exists and your account has permission to access it.
